


ARM Macro Assembler    Page 1 


    1 00000000                 AREA             |.text|, CODE, READONLY
    2 00000000                 EXPORT           display_oled_labels
    3 00000000                 PRESERVE8                    ; æ˜¾å¼å£°æ˜ä¿æŒ
                                                             8 å­—èŠ‚å¯¹é½
    4 00000000         
    5 00000000         ; å£°æ˜å¤–éƒ¨å‡½æ•° OLED_ShowString
    6 00000000                 IMPORT           OLED_ShowString
    7 00000000         
    8 00000000         display_oled_labels
                               PROC
    9 00000000 B510            PUSH             {r4, lr}    ; ä¿å­˜å¯„å­˜å™¨å’
                                                            Œè¿”å›åœ°å€ï¼ˆè‡³
                                                            å°‘ 2 ä¸ªå¯„å­˜å™¨ï
                                                            ¼Œç¡®ä¿æ ˆå¯¹é½ï¼
                                                            ‰
   10 00000002         
   11 00000002         ; è°ƒç”¨ OLED_ShowString(1, 1, "Count:")
   12 00000002 F04F 0001       MOV              r0, #1      ; è¡Œå· = 1
   13 00000006 F04F 0101       MOV              r1, #1      ; åˆ—å· = 1
   14 0000000A 4A09            LDR              r2, =str_count ; r2 = "Count:" 
                                                            çš„åœ°å€
   15 0000000C F7FF FFFE       BL               OLED_ShowString 
                                                            ; è°ƒç”¨ C å‡½æ•°
   16 00000010         
   17 00000010         ; è°ƒç”¨ OLED_ShowString(2, 1, "Angle:")
   18 00000010 F04F 0002       MOV              r0, #2      ; è¡Œå· = 2
   19 00000014 F04F 0101       MOV              r1, #1      ; åˆ—å· = 1
   20 00000018 4A06            LDR              r2, =str_angle ; r2 = "Angle:" 
                                                            çš„åœ°å€
   21 0000001A F7FF FFFE       BL               OLED_ShowString 
                                                            ; è°ƒç”¨ C å‡½æ•°
   22 0000001E         
   23 0000001E         ; è°ƒç”¨ OLED_ShowString(3, 1, "Time :")
   24 0000001E F04F 0003       MOV              r0, #3      ; è¡Œå· = 3
   25 00000022 F04F 0101       MOV              r1, #1      ; åˆ—å· = 1
   26 00000026 4A04            LDR              r2, =str_time ; r2 = "Time :" ç
                                                            š„åœ°å€
   27 00000028 F7FF FFFE       BL               OLED_ShowString 
                                                            ; è°ƒç”¨ C å‡½æ•°
   28 0000002C         
   29 0000002C BD10            POP              {r4, pc}    ; æ¢å¤å¯„å­˜å™¨å¹
                                                            ¶è¿”å›
   30 0000002E         
   31 0000002E                 ENDP
   32 0000002E         
   33 0000002E         ; å®šä¹‰å­—ç¬¦ä¸²å¸¸é‡
   34 0000002E 00 00 00000000 
              00000000 
              00000000         AREA             |.rodata|, DATA, READONLY
   35 00000000         str_count
   36 00000000 43 6F 75 
              6E 74 3A 
              00               DCB              "Count:", 0 ; ä»¥ null ç»“å°¾çš
                                                            „å­—ç¬¦ä¸²
   37 00000007 00              ALIGN            4           ; ç¡®ä¿ 4 å­—èŠ‚å¯
                                                            ¹é½
   38 00000008         
   39 00000008         str_angle
   40 00000008 41 6E 67 



ARM Macro Assembler    Page 2 


              6C 65 3A 
              00               DCB              "Angle:", 0 ; ä»¥ null ç»“å°¾çš
                                                            „å­—ç¬¦ä¸²
   41 0000000F 00              ALIGN            4           ; ç¡®ä¿ 4 å­—èŠ‚å¯
                                                            ¹é½
   42 00000010         
   43 00000010         str_time
   44 00000010 54 69 6D 
              65 20 3A 
              00               DCB              "Time :", 0 ; ä»¥ null ç»“å°¾çš
                                                            „å­—ç¬¦ä¸²
   45 00000017 00              ALIGN            4           ; ç¡®ä¿ 4 å­—èŠ‚å¯
                                                            ¹é½
   46 00000018         
   47 00000018                 END
Command Line: --debug --xref --diag_suppress=9931 --cpu=Cortex-M3 --apcs=interw
ork --depend=.\objects\oledlabel.d -o.\objects\oledlabel.o -I.\RTE\_Target_1 -I
E:\keil\ARM\PACK\Keil\STM32F1xx_DFP\2.2.0\Device\Include -IE:\keil\ARM\CMSIS\In
clude --predefine="__UVISION_VERSION SETA 524" --predefine="STM32F10X_MD SETA 1
" --list=.\listings\oledlabel.lst User\OLEDLABEL.s



ARM Macro Assembler    Page 1 Alphabetic symbol ordering
Relocatable symbols

.text 00000000

Symbol: .text
   Definitions
      At line 1 in file User\OLEDLABEL.s
   Uses
      None
Comment: .text unused
display_oled_labels 00000000

Symbol: display_oled_labels
   Definitions
      At line 8 in file User\OLEDLABEL.s
   Uses
      At line 2 in file User\OLEDLABEL.s
Comment: display_oled_labels used once
2 symbols



ARM Macro Assembler    Page 1 Alphabetic symbol ordering
Relocatable symbols

.rodata 00000000

Symbol: .rodata
   Definitions
      At line 34 in file User\OLEDLABEL.s
   Uses
      None
Comment: .rodata unused
str_angle 00000008

Symbol: str_angle
   Definitions
      At line 39 in file User\OLEDLABEL.s
   Uses
      At line 20 in file User\OLEDLABEL.s
Comment: str_angle used once
str_count 00000000

Symbol: str_count
   Definitions
      At line 35 in file User\OLEDLABEL.s
   Uses
      At line 14 in file User\OLEDLABEL.s
Comment: str_count used once
str_time 00000010

Symbol: str_time
   Definitions
      At line 43 in file User\OLEDLABEL.s
   Uses
      At line 26 in file User\OLEDLABEL.s
Comment: str_time used once
4 symbols



ARM Macro Assembler    Page 1 Alphabetic symbol ordering
External symbols

OLED_ShowString 00000000

Symbol: OLED_ShowString
   Definitions
      At line 6 in file User\OLEDLABEL.s
   Uses
      At line 15 in file User\OLEDLABEL.s
      At line 21 in file User\OLEDLABEL.s
      At line 27 in file User\OLEDLABEL.s

1 symbol
341 symbols in table
